Determining if the pthread_create exist failed with the following output:
Change Dir: /informatik2/students/home/8zell/Desktop/phri1920_dev/video/build/CMakeFiles/CMakeTmp

Run Build Command:"/usr/bin/make" "cmTC_1b090/fast"
make: Warning: File 'Makefile' has modification time 0,064 s in the future
/usr/bin/make -f CMakeFiles/cmTC_1b090.dir/build.make CMakeFiles/cmTC_1b090.dir/build
make[1]: Entering directory '/informatik2/students/home/8zell/Desktop/phri1920_dev/video/build/CMakeFiles/CMakeTmp'
make[1]: Warning: File 'CMakeFiles/cmTC_1b090.dir/flags.make' has modification time 0,034 s in the future
Building C object CMakeFiles/cmTC_1b090.dir/CheckSymbolExists.c.o
/usr/bin/cc    -o CMakeFiles/cmTC_1b090.dir/CheckSymbolExists.c.o   -c /informatik2/students/home/8zell/Desktop/phri1920_dev/video/build/CMakeFiles/CMakeTmp/CheckSymbolExists.c
Linking C executable cmTC_1b090
/usr/bin/cmake -E cmake_link_script CMakeFiles/cmTC_1b090.dir/link.txt --verbose=1
/usr/bin/cc      -rdynamic CMakeFiles/cmTC_1b090.dir/CheckSymbolExists.c.o  -o cmTC_1b090 
CMakeFiles/cmTC_1b090.dir/CheckSymbolExists.c.o: In function `main':
CheckSymbolExists.c:(.text+0x1b): undefined reference to `pthread_create'
collect2: error: ld returned 1 exit status
CMakeFiles/cmTC_1b090.dir/build.make:97: recipe for target 'cmTC_1b090' failed
make[1]: *** [cmTC_1b090] Error 1
make[1]: Leaving directory '/informatik2/students/home/8zell/Desktop/phri1920_dev/video/build/CMakeFiles/CMakeTmp'
Makefile:126: recipe for target 'cmTC_1b090/fast' failed
make: *** [cmTC_1b090/fast] Error 2

File /informatik2/students/home/8zell/Desktop/phri1920_dev/video/build/CMakeFiles/CMakeTmp/CheckSymbolExists.c:
/* */
#include <pthread.h>

int main(int argc, char** argv)
{
  (void)argv;
#ifndef pthread_create
  return ((int*)(&pthread_create))[argc];
#else
  (void)argc;
  return 0;
#endif
}

Determining if the function pthread_create exists in the pthreads failed with the following output:
Change Dir: /informatik2/students/home/8zell/Desktop/phri1920_dev/video/build/CMakeFiles/CMakeTmp

Run Build Command:"/usr/bin/make" "cmTC_3c3b3/fast"
make: Warning: File 'Makefile' has modification time 0,062 s in the future
/usr/bin/make -f CMakeFiles/cmTC_3c3b3.dir/build.make CMakeFiles/cmTC_3c3b3.dir/build
make[1]: Entering directory '/informatik2/students/home/8zell/Desktop/phri1920_dev/video/build/CMakeFiles/CMakeTmp'
make[1]: Warning: File 'CMakeFiles/cmTC_3c3b3.dir/flags.make' has modification time 0,033 s in the future
Building C object CMakeFiles/cmTC_3c3b3.dir/CheckFunctionExists.c.o
/usr/bin/cc   -DCHECK_FUNCTION_EXISTS=pthread_create   -o CMakeFiles/cmTC_3c3b3.dir/CheckFunctionExists.c.o   -c /usr/share/cmake-3.10/Modules/CheckFunctionExists.c
Linking C executable cmTC_3c3b3
/usr/bin/cmake -E cmake_link_script CMakeFiles/cmTC_3c3b3.dir/link.txt --verbose=1
/usr/bin/cc  -DCHECK_FUNCTION_EXISTS=pthread_create    -rdynamic CMakeFiles/cmTC_3c3b3.dir/CheckFunctionExists.c.o  -o cmTC_3c3b3 -lpthreads 
/usr/bin/ld: cannot find -lpthreads
collect2: error: ld returned 1 exit status
CMakeFiles/cmTC_3c3b3.dir/build.make:97: recipe for target 'cmTC_3c3b3' failed
make[1]: *** [cmTC_3c3b3] Error 1
make[1]: Leaving directory '/informatik2/students/home/8zell/Desktop/phri1920_dev/video/build/CMakeFiles/CMakeTmp'
Makefile:126: recipe for target 'cmTC_3c3b3/fast' failed
make: *** [cmTC_3c3b3/fast] Error 2


